[    1195ms] [WARNING] Failed to decode downloaded font: https://www.gsitm.com/assets/renewal.v2/scss/fonts/Pretendard-SemiBold.woff2 @ https://www.gsitm.com/:0
[    1195ms] [WARNING] OTS parsing error: invalid sfntVersion: 168430090 @ https://www.gsitm.com/:0
[    1196ms] [WARNING] Failed to decode downloaded font: https://www.gsitm.com/assets/renewal.v2/scss/fonts/Pretendard-Regular.woff2 @ https://www.gsitm.com/:0
[    1196ms] [WARNING] OTS parsing error: invalid sfntVersion: 168430090 @ https://www.gsitm.com/:0
[    1197ms] [WARNING] Failed to decode downloaded font: https://www.gsitm.com/assets/renewal.v2/scss/fonts/Pretendard-Bold.woff2 @ https://www.gsitm.com/:0
[    1197ms] [WARNING] OTS parsing error: invalid sfntVersion: 168430090 @ https://www.gsitm.com/:0
[    1197ms] [WARNING] Failed to decode downloaded font: https://www.gsitm.com/assets/renewal.v2/scss/fonts/Pretendard-Medium.woff2 @ https://www.gsitm.com/:0
[    1197ms] [WARNING] OTS parsing error: invalid sfntVersion: 168430090 @ https://www.gsitm.com/:0
[    1198ms] [WARNING] Failed to decode downloaded font: https://www.gsitm.com/assets/renewal.v2/scss/fonts/Pretendard-ExtraBold.woff2 @ https://www.gsitm.com/:0
[    1198ms] [WARNING] OTS parsing error: invalid sfntVersion: 168430090 @ https://www.gsitm.com/:0
[    1400ms] [WARNING] [Meta Pixel] - Invalid PixelID: null. @ https://connect.facebook.net/en_US/fbevents.js:181
[    1769ms] [WARNING] Failed to decode downloaded font: https://www.gsitm.com/assets/renewal.v2/scss/fonts/Pretendard-SemiBold.woff @ https://www.gsitm.com/:0
[    1769ms] [WARNING] OTS parsing error: invalid sfntVersion: 168430090 @ https://www.gsitm.com/:0
[    1784ms] [WARNING] Failed to decode downloaded font: https://www.gsitm.com/assets/renewal.v2/scss/fonts/Pretendard-Regular.woff @ https://www.gsitm.com/:0
[    1784ms] [WARNING] OTS parsing error: invalid sfntVersion: 168430090 @ https://www.gsitm.com/:0
[    1789ms] [WARNING] Failed to decode downloaded font: https://www.gsitm.com/assets/renewal.v2/scss/fonts/Pretendard-Bold.woff @ https://www.gsitm.com/:0
[    1789ms] [WARNING] OTS parsing error: invalid sfntVersion: 168430090 @ https://www.gsitm.com/:0
[    1817ms] [WARNING] Failed to decode downloaded font: https://www.gsitm.com/assets/renewal.v2/scss/fonts/Pretendard-Medium.woff @ https://www.gsitm.com/:0
[    1817ms] [WARNING] OTS parsing error: invalid sfntVersion: 168430090 @ https://www.gsitm.com/:0
[    1822ms] [WARNING] Failed to decode downloaded font: https://www.gsitm.com/assets/renewal.v2/scss/fonts/Pretendard-ExtraBold.woff @ https://www.gsitm.com/:0
[    1822ms] [WARNING] OTS parsing error: invalid sfntVersion: 168430090 @ https://www.gsitm.com/:0
[    6203ms] [WARNING] Failed to decode downloaded font: https://www.gsitm.com/assets/renewal.v2/scss/fonts/Pretendard-ExtraBold.woff2 @ https://www.gsitm.com/:0
[    6203ms] [WARNING] OTS parsing error: invalid sfntVersion: 168430090 @ https://www.gsitm.com/:0
[    6203ms] [WARNING] Failed to decode downloaded font: https://www.gsitm.com/assets/renewal.v2/scss/fonts/Pretendard-ExtraBold.woff @ https://www.gsitm.com/:0
[    6203ms] [WARNING] OTS parsing error: invalid sfntVersion: 168430090 @ https://www.gsitm.com/:0
[    6203ms] [WARNING] Failed to decode downloaded font: https://www.gsitm.com/assets/renewal.v2/scss/fonts/Pretendard-Bold.woff2 @ https://www.gsitm.com/:0
[    6203ms] [WARNING] OTS parsing error: invalid sfntVersion: 168430090 @ https://www.gsitm.com/:0
[    6203ms] [WARNING] Failed to decode downloaded font: https://www.gsitm.com/assets/renewal.v2/scss/fonts/Pretendard-Bold.woff @ https://www.gsitm.com/:0
[    6203ms] [WARNING] OTS parsing error: invalid sfntVersion: 168430090 @ https://www.gsitm.com/:0
[    6203ms] [WARNING] Failed to decode downloaded font: https://www.gsitm.com/assets/renewal.v2/scss/fonts/Pretendard-SemiBold.woff2 @ https://www.gsitm.com/:0
[    6203ms] [WARNING] OTS parsing error: invalid sfntVersion: 168430090 @ https://www.gsitm.com/:0
[    6203ms] [WARNING] Failed to decode downloaded font: https://www.gsitm.com/assets/renewal.v2/scss/fonts/Pretendard-SemiBold.woff @ https://www.gsitm.com/:0
[    6203ms] [WARNING] OTS parsing error: invalid sfntVersion: 168430090 @ https://www.gsitm.com/:0
[    6203ms] [WARNING] Failed to decode downloaded font: https://www.gsitm.com/assets/renewal.v2/scss/fonts/Pretendard-Medium.woff2 @ https://www.gsitm.com/:0
[    6203ms] [WARNING] OTS parsing error: invalid sfntVersion: 168430090 @ https://www.gsitm.com/:0
[    6203ms] [WARNING] Failed to decode downloaded font: https://www.gsitm.com/assets/renewal.v2/scss/fonts/Pretendard-Medium.woff @ https://www.gsitm.com/:0
[    6203ms] [WARNING] OTS parsing error: invalid sfntVersion: 168430090 @ https://www.gsitm.com/:0
[    6203ms] [WARNING] Failed to decode downloaded font: https://www.gsitm.com/assets/renewal.v2/scss/fonts/Pretendard-Regular.woff2 @ https://www.gsitm.com/:0
[    6203ms] [WARNING] OTS parsing error: invalid sfntVersion: 168430090 @ https://www.gsitm.com/:0
[    6203ms] [WARNING] Failed to decode downloaded font: https://www.gsitm.com/assets/renewal.v2/scss/fonts/Pretendard-Regular.woff @ https://www.gsitm.com/:0
[    6203ms] [WARNING] OTS parsing error: invalid sfntVersion: 168430090 @ https://www.gsitm.com/:0
[    6225ms] TypeError: height is not a function
    at https://www.gsitm.com/common/js/main.js?date=202509250853:411:4
[    6314ms] TypeError: height is not a function
    at https://www.gsitm.com/common/js/main.js?date=202509250853:411:4
[    6408ms] [WARNING] Failed to decode downloaded font: https://www.gsitm.com/assets/renewal.v2/scss/fonts/Pretendard-ExtraBold.woff2 @ https://www.gsitm.com/:0
[    6408ms] [WARNING] OTS parsing error: invalid sfntVersion: 168430090 @ https://www.gsitm.com/:0
[    6408ms] [WARNING] Failed to decode downloaded font: https://www.gsitm.com/assets/renewal.v2/scss/fonts/Pretendard-ExtraBold.woff @ https://www.gsitm.com/:0
[    6408ms] [WARNING] OTS parsing error: invalid sfntVersion: 168430090 @ https://www.gsitm.com/:0
[    6408ms] [WARNING] Failed to decode downloaded font: https://www.gsitm.com/assets/renewal.v2/scss/fonts/Pretendard-Bold.woff2 @ https://www.gsitm.com/:0
[    6408ms] [WARNING] OTS parsing error: invalid sfntVersion: 168430090 @ https://www.gsitm.com/:0
[    6408ms] [WARNING] Failed to decode downloaded font: https://www.gsitm.com/assets/renewal.v2/scss/fonts/Pretendard-Bold.woff @ https://www.gsitm.com/:0
[    6408ms] [WARNING] OTS parsing error: invalid sfntVersion: 168430090 @ https://www.gsitm.com/:0
[    6408ms] [WARNING] Failed to decode downloaded font: https://www.gsitm.com/assets/renewal.v2/scss/fonts/Pretendard-SemiBold.woff2 @ https://www.gsitm.com/:0
[    6408ms] [WARNING] OTS parsing error: invalid sfntVersion: 168430090 @ https://www.gsitm.com/:0
[    6408ms] [WARNING] Failed to decode downloaded font: https://www.gsitm.com/assets/renewal.v2/scss/fonts/Pretendard-SemiBold.woff @ https://www.gsitm.com/:0
[    6408ms] [WARNING] OTS parsing error: invalid sfntVersion: 168430090 @ https://www.gsitm.com/:0
[    6408ms] [WARNING] Failed to decode downloaded font: https://www.gsitm.com/assets/renewal.v2/scss/fonts/Pretendard-Medium.woff2 @ https://www.gsitm.com/:0
[    6408ms] [WARNING] OTS parsing error: invalid sfntVersion: 168430090 @ https://www.gsitm.com/:0
[    6408ms] [WARNING] Failed to decode downloaded font: https://www.gsitm.com/assets/renewal.v2/scss/fonts/Pretendard-Medium.woff @ https://www.gsitm.com/:0
[    6408ms] [WARNING] OTS parsing error: invalid sfntVersion: 168430090 @ https://www.gsitm.com/:0
[    6408ms] [WARNING] Failed to decode downloaded font: https://www.gsitm.com/assets/renewal.v2/scss/fonts/Pretendard-Regular.woff2 @ https://www.gsitm.com/:0
[    6408ms] [WARNING] OTS parsing error: invalid sfntVersion: 168430090 @ https://www.gsitm.com/:0
[    6408ms] [WARNING] Failed to decode downloaded font: https://www.gsitm.com/assets/renewal.v2/scss/fonts/Pretendard-Regular.woff @ https://www.gsitm.com/:0
[    6408ms] [WARNING] OTS parsing error: invalid sfntVersion: 168430090 @ https://www.gsitm.com/:0
[    6423ms] [WARNING] Failed to decode downloaded font: https://www.gsitm.com/assets/renewal.v2/scss/fonts/Pretendard-ExtraBold.woff2 @ https://www.gsitm.com/:0
[    6423ms] [WARNING] OTS parsing error: invalid sfntVersion: 168430090 @ https://www.gsitm.com/:0
[    6423ms] [WARNING] Failed to decode downloaded font: https://www.gsitm.com/assets/renewal.v2/scss/fonts/Pretendard-ExtraBold.woff @ https://www.gsitm.com/:0
[    6423ms] [WARNING] OTS parsing error: invalid sfntVersion: 168430090 @ https://www.gsitm.com/:0
[    6423ms] [WARNING] Failed to decode downloaded font: https://www.gsitm.com/assets/renewal.v2/scss/fonts/Pretendard-Bold.woff2 @ https://www.gsitm.com/:0
[    6423ms] [WARNING] OTS parsing error: invalid sfntVersion: 168430090 @ https://www.gsitm.com/:0
[    6423ms] [WARNING] Failed to decode downloaded font: https://www.gsitm.com/assets/renewal.v2/scss/fonts/Pretendard-Bold.woff @ https://www.gsitm.com/:0
[    6423ms] [WARNING] OTS parsing error: invalid sfntVersion: 168430090 @ https://www.gsitm.com/:0
[    6423ms] [WARNING] Failed to decode downloaded font: https://www.gsitm.com/assets/renewal.v2/scss/fonts/Pretendard-SemiBold.woff2 @ https://www.gsitm.com/:0
[    6423ms] [WARNING] OTS parsing error: invalid sfntVersion: 168430090 @ https://www.gsitm.com/:0
[    6423ms] [WARNING] Failed to decode downloaded font: https://www.gsitm.com/assets/renewal.v2/scss/fonts/Pretendard-SemiBold.woff @ https://www.gsitm.com/:0
[    6423ms] [WARNING] OTS parsing error: invalid sfntVersion: 168430090 @ https://www.gsitm.com/:0
[    6423ms] [WARNING] Failed to decode downloaded font: https://www.gsitm.com/assets/renewal.v2/scss/fonts/Pretendard-Medium.woff2 @ https://www.gsitm.com/:0
[    6423ms] [WARNING] OTS parsing error: invalid sfntVersion: 168430090 @ https://www.gsitm.com/:0
[    6423ms] [WARNING] Failed to decode downloaded font: https://www.gsitm.com/assets/renewal.v2/scss/fonts/Pretendard-Medium.woff @ https://www.gsitm.com/:0
[    6423ms] [WARNING] OTS parsing error: invalid sfntVersion: 168430090 @ https://www.gsitm.com/:0
[    6423ms] [WARNING] Failed to decode downloaded font: https://www.gsitm.com/assets/renewal.v2/scss/fonts/Pretendard-Regular.woff2 @ https://www.gsitm.com/:0
[    6424ms] [WARNING] OTS parsing error: invalid sfntVersion: 168430090 @ https://www.gsitm.com/:0
[    6424ms] [WARNING] Failed to decode downloaded font: https://www.gsitm.com/assets/renewal.v2/scss/fonts/Pretendard-Regular.woff @ https://www.gsitm.com/:0
[    6424ms] [WARNING] OTS parsing error: invalid sfntVersion: 168430090 @ https://www.gsitm.com/:0
[    6436ms] TypeError: height is not a function
    at https://www.gsitm.com/common/js/main.js?date=202509250853:411:4
[    9255ms] [WARNING] [Meta Pixel] - Invalid PixelID: null. @ https://connect.facebook.net/en_US/fbevents.js:181
[    9301ms] [WARNING] Failed to decode downloaded font: https://www.gsitm.com/assets/renewal.v2/scss/fonts/Pretendard-Regular.woff2 @ https://www.gsitm.com/:0
[    9301ms] [WARNING] OTS parsing error: invalid sfntVersion: 168430090 @ https://www.gsitm.com/:0
[    9338ms] [WARNING] Failed to decode downloaded font: https://www.gsitm.com/assets/renewal.v2/scss/fonts/Pretendard-SemiBold.woff2 @ https://www.gsitm.com/:0
[    9338ms] [WARNING] OTS parsing error: invalid sfntVersion: 168430090 @ https://www.gsitm.com/:0
[    9442ms] [WARNING] Failed to decode downloaded font: https://www.gsitm.com/assets/renewal.v2/scss/fonts/Pretendard-Bold.woff2 @ https://www.gsitm.com/:0
[    9442ms] [WARNING] OTS parsing error: invalid sfntVersion: 168430090 @ https://www.gsitm.com/:0
[    9443ms] [WARNING] Failed to decode downloaded font: https://www.gsitm.com/assets/renewal.v2/scss/fonts/Pretendard-Medium.woff2 @ https://www.gsitm.com/:0
[    9443ms] [WARNING] OTS parsing error: invalid sfntVersion: 168430090 @ https://www.gsitm.com/:0
[    9443ms] [WARNING] Failed to decode downloaded font: https://www.gsitm.com/assets/renewal.v2/scss/fonts/Pretendard-ExtraBold.woff2 @ https://www.gsitm.com/:0
[    9443ms] [WARNING] OTS parsing error: invalid sfntVersion: 168430090 @ https://www.gsitm.com/:0
[    9692ms] [WARNING] Failed to decode downloaded font: https://www.gsitm.com/assets/renewal.v2/scss/fonts/Pretendard-Regular.woff @ https://www.gsitm.com/:0
[    9693ms] [WARNING] OTS parsing error: invalid sfntVersion: 168430090 @ https://www.gsitm.com/:0
[    9694ms] [WARNING] Failed to decode downloaded font: https://www.gsitm.com/assets/renewal.v2/scss/fonts/Pretendard-SemiBold.woff @ https://www.gsitm.com/:0
[    9694ms] [WARNING] OTS parsing error: invalid sfntVersion: 168430090 @ https://www.gsitm.com/:0
[    9781ms] [WARNING] Failed to decode downloaded font: https://www.gsitm.com/assets/renewal.v2/scss/fonts/Pretendard-Bold.woff @ https://www.gsitm.com/:0
[    9781ms] [WARNING] OTS parsing error: invalid sfntVersion: 168430090 @ https://www.gsitm.com/:0
[    9833ms] [WARNING] Failed to decode downloaded font: https://www.gsitm.com/assets/renewal.v2/scss/fonts/Pretendard-Medium.woff @ https://www.gsitm.com/:0
[    9833ms] [WARNING] OTS parsing error: invalid sfntVersion: 168430090 @ https://www.gsitm.com/:0
[   10004ms] [WARNING] Failed to decode downloaded font: https://www.gsitm.com/assets/renewal.v2/scss/fonts/Pretendard-ExtraBold.woff @ https://www.gsitm.com/:0
[   10004ms] [WARNING] OTS parsing error: invalid sfntVersion: 168430090 @ https://www.gsitm.com/:0
